<?xml version="1.0" encoding="UTF-8"?>
<testng-results skipped="0" failed="0" total="1" passed="1">
  <reporter-output>
  </reporter-output>
  <suite name="Suite" duration-ms="27" started-at="2019-12-05T03:38:27Z" finished-at="2019-12-05T03:38:27Z">
    <groups>
    </groups>
    <test name="Test" duration-ms="27" started-at="2019-12-05T03:38:27Z" finished-at="2019-12-05T03:38:27Z">
      <class name="gitpackage.Gitclass">
        <test-method status="PASS" signature="f()[pri:0, instance:gitpackage.Gitclass@5419f379]" name="f" duration-ms="11" started-at="2019-12-04T22:38:27Z" finished-at="2019-12-04T22:38:27Z">
          <reporter-output>
          </reporter-output>
        </test-method> <!-- f -->
      </class> <!-- gitpackage.Gitclass -->
    </test> <!-- Test -->
  </suite> <!-- Suite -->
</testng-results>
