<?xml version="1.0" encoding="UTF-8"?>
<testng-results skipped="0" failed="0" total="1" passed="1">
  <reporter-output>
  </reporter-output>
  <suite name="Default suite" duration-ms="30" started-at="2019-12-05T02:44:18Z" finished-at="2019-12-05T02:44:18Z">
    <groups>
    </groups>
    <test name="Default test" duration-ms="30" started-at="2019-12-05T02:44:18Z" finished-at="2019-12-05T02:44:18Z">
      <class name="gitpackage.Gitclass">
        <test-method status="PASS" signature="f()[pri:0, instance:gitpackage.Gitclass@5419f379]" name="f" duration-ms="12" started-at="2019-12-04T21:44:18Z" finished-at="2019-12-04T21:44:18Z">
          <reporter-output>
          </reporter-output>
        </test-method> <!-- f -->
      </class> <!-- gitpackage.Gitclass -->
    </test> <!-- Default test -->
  </suite> <!-- Default suite -->
</testng-results>
